<?xml version="1.0" encoding="UTF-8"?>
<testng-results ignored="0" total="2" passed="2" failed="0" skipped="0">
  <reporter-output>
  </reporter-output>
  <suite started-at="2025-03-25T15:53:19 IST" name="Suite" finished-at="2025-03-25T15:53:26 IST" duration-ms="6601">
    <groups>
    </groups>
    <test started-at="2025-03-25T15:53:19 IST" name="search" finished-at="2025-03-25T15:53:26 IST" duration-ms="6601">
      <class name="DataProviders.DP2503">
        <test-method is-config="true" signature="setup()[pri:0, instance:DataProviders.DP2503@36ebc363]" started-at="2025-03-25T15:53:20 IST" name="setup" finished-at="2025-03-25T15:53:21 IST" duration-ms="1485" status="PASS">
          <reporter-output>
          </reporter-output>
        </test-method> <!-- setup -->
        <test-method is-config="true" signature="setup()[pri:0, instance:DataProviders.DP2503@36ebc363]" started-at="2025-03-25T15:53:20 IST" name="setup" finished-at="2025-03-25T15:53:21 IST" duration-ms="1485" status="PASS">
          <reporter-output>
          </reporter-output>
        </test-method> <!-- setup -->
        <test-method signature="search(java.lang.String)[pri:0, instance:DataProviders.DP2503@36ebc363]" started-at="2025-03-25T15:53:21 IST" name="search" data-provider="excelData" finished-at="2025-03-25T15:53:26 IST" duration-ms="4289" status="PASS">
          <params>
            <param index="0">
              <value>
                <![CDATA[performance tester]]>
              </value>
            </param>
          </params>
          <reporter-output>
          </reporter-output>
        </test-method> <!-- search -->
        <test-method signature="search(java.lang.String)[pri:0, instance:DataProviders.DP2503@36ebc363]" started-at="2025-03-25T15:53:21 IST" name="search" data-provider="excelData" finished-at="2025-03-25T15:53:25 IST" duration-ms="4070" status="PASS">
          <params>
            <param index="0">
              <value>
                <![CDATA[Automation Tester]]>
              </value>
            </param>
          </params>
          <reporter-output>
          </reporter-output>
        </test-method> <!-- search -->
        <test-method is-config="true" signature="afterMethod()[pri:0, instance:DataProviders.DP2503@36ebc363]" started-at="2025-03-25T15:53:25 IST" name="afterMethod" finished-at="2025-03-25T15:53:26 IST" duration-ms="150" status="PASS">
          <reporter-output>
          </reporter-output>
        </test-method> <!-- afterMethod -->
        <test-method is-config="true" signature="afterMethod()[pri:0, instance:DataProviders.DP2503@36ebc363]" started-at="2025-03-25T15:53:26 IST" name="afterMethod" finished-at="2025-03-25T15:53:26 IST" duration-ms="148" status="PASS">
          <reporter-output>
          </reporter-output>
        </test-method> <!-- afterMethod -->
      </class> <!-- DataProviders.DP2503 -->
    </test> <!-- search -->
  </suite> <!-- Suite -->
</testng-results>
