<?xml version="1.0" encoding="UTF-8"?>
<!-- Generated by org.testng.reporters.JUnitXMLReporter -->
<testsuite ignored="1" hostname="DIVRAJ-2004" failures="0" tests="2" name="Group2103" time="0.064" errors="0" timestamp="2025-03-24T19:46:08 IST">
  <testcase classname="Test1.Group2103" name="f2" time="0.015"/>
  <testcase classname="Test1.Group2103" name="f1" time="0.015"/>
  <testcase classname="Test1.Group2103" name="f" time="0.0">
    <ignored/>
  </testcase> <!-- f -->
</testsuite> <!-- Group2103 -->
