<?xml version="1.0" encoding="UTF-8"?>
<!-- Generated by org.testng.reporters.JUnitXMLReporter -->
<testsuite ignored="4" hostname="DIVRAJ-2004" failures="0" tests="0" time="0.001" errors="0" timestamp="2025-03-24T19:46:08 IST">
  <testcase classname="Test1.Ignore2103" name="z" time="0.0">
    <ignored/>
  </testcase> <!-- z -->
  <testcase classname="Test1.Ignore2103" name="f" time="0.0">
    <ignored/>
  </testcase> <!-- f -->
  <testcase classname="Test1.Ignore2103" name="a" time="0.0">
    <ignored/>
  </testcase> <!-- a -->
  <testcase classname="Test1.Ignore2103" name="c" time="0.0">
    <ignored/>
  </testcase> <!-- c -->
</testsuite>
